<?xml version="1.0" encoding="UTF-8" standalone="no"?>
<!DOCTYPE log SYSTEM "logger.dtd">
<log>
<record>
  <date>2018-08-21T19:57:08</date>
  <millis>1534861628332</millis>
  <sequence>0</sequence>
  <level>START</level>
  <class>com.kms.katalon.core.logging.KeywordLogger</class>
  <method>startSuite</method>
  <thread>1</thread>
  <message>Start Test Suite : Test Suites/sign in/Sample excecution</message>
  <nestedLevel>0</nestedLevel>
  <property name="name">Sample excecution</property>
  <property name="description"></property>
  <property name="id">Test Suites/sign in/Sample excecution</property>
</record>
<record>
  <date>2018-08-21T19:57:08</date>
  <millis>1534861628380</millis>
  <sequence>1</sequence>
  <level>RUN_DATA</level>
  <class>com.kms.katalon.core.logging.KeywordLogger</class>
  <method>logMessage</method>
  <thread>1</thread>
  <message>Logging run data &amp;apos;hostName&amp;apos; with value &amp;apos;user24 - casp191115b-PC.tts.in&amp;apos;</message>
  <nestedLevel>0</nestedLevel>
  <property name="hostName">user24 - casp191115b-PC.tts.in</property>
</record>
<record>
  <date>2018-08-21T19:57:08</date>
  <millis>1534861628381</millis>
  <sequence>2</sequence>
  <level>RUN_DATA</level>
  <class>com.kms.katalon.core.logging.KeywordLogger</class>
  <method>logMessage</method>
  <thread>1</thread>
  <message>Logging run data &amp;apos;os&amp;apos; with value &amp;apos;Windows 7 64bit&amp;apos;</message>
  <nestedLevel>0</nestedLevel>
  <property name="os">Windows 7 64bit</property>
</record>
<record>
  <date>2018-08-21T19:57:08</date>
  <millis>1534861628382</millis>
  <sequence>3</sequence>
  <level>RUN_DATA</level>
  <class>com.kms.katalon.core.logging.KeywordLogger</class>
  <method>logMessage</method>
  <thread>1</thread>
  <message>Logging run data &amp;apos;hostAddress&amp;apos; with value &amp;apos;192.168.1.101&amp;apos;</message>
  <nestedLevel>0</nestedLevel>
  <property name="hostAddress">192.168.1.101</property>
</record>
<record>
  <date>2018-08-21T19:57:08</date>
  <millis>1534861628383</millis>
  <sequence>4</sequence>
  <level>RUN_DATA</level>
  <class>com.kms.katalon.core.logging.KeywordLogger</class>
  <method>logMessage</method>
  <thread>1</thread>
  <message>Logging run data &amp;apos;katalonVersion&amp;apos; with value &amp;apos;5.6.0.1&amp;apos;</message>
  <nestedLevel>0</nestedLevel>
  <property name="katalonVersion">5.6.0.1</property>
</record>
<record>
  <date>2018-08-21T19:57:09</date>
  <millis>1534861629631</millis>
  <sequence>5</sequence>
  <level>START</level>
  <class>com.kms.katalon.core.logging.KeywordLogger</class>
  <method>startTest</method>
  <thread>1</thread>
  <message>Start Test Case : Test Cases/sign in/simple sign in</message>
  <nestedLevel>1</nestedLevel>
  <property name="name">Test Cases/sign in/simple sign in</property>
  <property name="description">sign using the existing account</property>
  <property name="id">Test Cases/sign in/simple sign in</property>
  <property name="source">C:\\Users\\user24\\Katalon Studio\\test project\\Test Cases\\sign in\\simple sign in.tc</property>
  <property name="isOptional">false</property>
</record>
<record>
  <date>2018-08-21T19:57:09</date>
  <millis>1534861629667</millis>
  <sequence>6</sequence>
  <level>INFO</level>
  <class>com.kms.katalon.core.logging.KeywordLogger</class>
  <method>logMessage</method>
  <thread>1</thread>
  <message>Evaluating variables for test case</message>
  <nestedLevel>1</nestedLevel>
</record>
<record>
  <date>2018-08-21T19:57:10</date>
  <millis>1534861630345</millis>
  <sequence>7</sequence>
  <level>START</level>
  <class>com.kms.katalon.core.logging.KeywordLogger</class>
  <method>startKeyword</method>
  <thread>1</thread>
  <message>Start action : openBrowser</message>
  <nestedLevel>1</nestedLevel>
  <property name="startLine">22</property>
  <property name="stepIndex">1</property>
</record>
<record>
  <date>2018-08-21T19:57:11</date>
  <millis>1534861631976</millis>
  <sequence>8</sequence>
  <level>INFO</level>
  <class>com.kms.katalon.core.logging.KeywordLogger</class>
  <method>logMessage</method>
  <thread>1</thread>
  <message>Opening browser</message>
  <nestedLevel>1</nestedLevel>
</record>
<record>
  <date>2018-08-21T19:57:12</date>
  <millis>1534861632018</millis>
  <sequence>9</sequence>
  <level>INFO</level>
  <class>com.kms.katalon.core.logging.KeywordLogger</class>
  <method>logMessage</method>
  <thread>1</thread>
  <message>Starting &amp;apos;Chrome&amp;apos; driver</message>
  <nestedLevel>1</nestedLevel>
</record>
<record>
  <date>2018-08-21T19:57:12</date>
  <millis>1534861632065</millis>
  <sequence>10</sequence>
  <level>INFO</level>
  <class>com.kms.katalon.core.logging.KeywordLogger</class>
  <method>logMessage</method>
  <thread>1</thread>
  <message>Action delay is set to 0 seconds</message>
  <nestedLevel>1</nestedLevel>
</record>
<record>
  <date>2018-08-21T19:57:39</date>
  <millis>1534861659361</millis>
  <sequence>12</sequence>
  <level>RUN_DATA</level>
  <class>com.kms.katalon.core.logging.KeywordLogger</class>
  <method>logMessage</method>
  <thread>1</thread>
  <message>Logging run data &amp;apos;sessionId&amp;apos; with value &amp;apos;01578ce2c40c211a29ce7be63f2ed9a7&amp;apos;</message>
  <nestedLevel>1</nestedLevel>
  <property name="sessionId">01578ce2c40c211a29ce7be63f2ed9a7</property>
</record>
<record>
  <date>2018-08-21T19:57:39</date>
  <millis>1534861659563</millis>
  <sequence>13</sequence>
  <level>RUN_DATA</level>
  <class>com.kms.katalon.core.logging.KeywordLogger</class>
  <method>logMessage</method>
  <thread>1</thread>
  <message>Logging run data &amp;apos;browser&amp;apos; with value &amp;apos;Chrome 68.0.3440.106&amp;apos;</message>
  <nestedLevel>1</nestedLevel>
  <property name="browser">Chrome 68.0.3440.106</property>
</record>
<record>
  <date>2018-08-21T19:57:39</date>
  <millis>1534861659566</millis>
  <sequence>14</sequence>
  <level>RUN_DATA</level>
  <class>com.kms.katalon.core.logging.KeywordLogger</class>
  <method>logMessage</method>
  <thread>1</thread>
  <message>Logging run data &amp;apos;platform&amp;apos; with value &amp;apos;Windows 7&amp;apos;</message>
  <nestedLevel>1</nestedLevel>
  <property name="platform">Windows 7</property>
</record>
<record>
  <date>2018-08-21T19:57:39</date>
  <millis>1534861659601</millis>
  <sequence>15</sequence>
  <level>RUN_DATA</level>
  <class>com.kms.katalon.core.logging.KeywordLogger</class>
  <method>logMessage</method>
  <thread>1</thread>
  <message>Logging run data &amp;apos;seleniumVersion&amp;apos; with value &amp;apos;3.7.1&amp;apos;</message>
  <nestedLevel>1</nestedLevel>
  <property name="seleniumVersion">3.7.1</property>
</record>
<record>
  <date>2018-08-21T19:57:39</date>
  <millis>1534861659606</millis>
  <sequence>16</sequence>
  <level>RUN_DATA</level>
  <class>com.kms.katalon.core.logging.KeywordLogger</class>
  <method>logMessage</method>
  <thread>1</thread>
  <message>Logging run data &amp;apos;proxyInformation&amp;apos; with value &amp;apos;ProxyInformation{proxyOption=NO_PROXY, proxyServerType=HTTP, password=, proxyServerAddress=, proxyServerPort=0}&amp;apos;</message>
  <nestedLevel>1</nestedLevel>
  <property name="proxyInformation">ProxyInformation{proxyOption=NO_PROXY, proxyServerType=HTTP, password=, proxyServerAddress=, proxyServerPort=0}</property>
</record>
<record>
  <date>2018-08-21T19:57:39</date>
  <millis>1534861659610</millis>
  <sequence>17</sequence>
  <level>INFO</level>
  <class>com.kms.katalon.core.logging.KeywordLogger</class>
  <method>logMessage</method>
  <thread>1</thread>
  <message>Navigating browser to: &amp;apos;https://www.fashmates.com/&amp;apos;</message>
  <nestedLevel>1</nestedLevel>
</record>
<record>
  <date>2018-08-21T19:57:51</date>
  <millis>1534861671917</millis>
  <sequence>18</sequence>
  <level>PASSED</level>
  <class>com.kms.katalon.core.logging.KeywordLogger</class>
  <method>logMessage</method>
  <thread>1</thread>
  <message>Browser is opened with url: &amp;apos;https://www.fashmates.com/&amp;apos;</message>
  <nestedLevel>1</nestedLevel>
</record>
<record>
  <date>2018-08-21T19:57:51</date>
  <millis>1534861671921</millis>
  <sequence>19</sequence>
  <level>END</level>
  <class>com.kms.katalon.core.logging.KeywordLogger</class>
  <method>endKeyword</method>
  <thread>1</thread>
  <message>End action : openBrowser</message>
  <nestedLevel>1</nestedLevel>
</record>
<record>
  <date>2018-08-21T19:57:51</date>
  <millis>1534861671921</millis>
  <sequence>20</sequence>
  <level>START</level>
  <class>com.kms.katalon.core.logging.KeywordLogger</class>
  <method>startKeyword</method>
  <thread>1</thread>
  <message>Start action : Statement - url = com.kms.katalon.core.webui.keyword.WebUiBuiltInKeywords.getUrl()</message>
  <nestedLevel>1</nestedLevel>
  <property name="startLine">24</property>
  <property name="stepIndex">2</property>
</record>
<record>
  <date>2018-08-21T19:57:51</date>
  <millis>1534861671954</millis>
  <sequence>21</sequence>
  <level>INFO</level>
  <class>com.kms.katalon.core.logging.KeywordLogger</class>
  <method>logMessage</method>
  <thread>1</thread>
  <message>Getting current window&amp;apos;s url</message>
  <nestedLevel>1</nestedLevel>
</record>
<record>
  <date>2018-08-21T19:57:52</date>
  <millis>1534861672052</millis>
  <sequence>22</sequence>
  <level>PASSED</level>
  <class>com.kms.katalon.core.logging.KeywordLogger</class>
  <method>logMessage</method>
  <thread>1</thread>
  <message>Current window&amp;apos;s url is: &amp;apos;https://www.fashmates.com/&amp;apos;</message>
  <nestedLevel>1</nestedLevel>
</record>
<record>
  <date>2018-08-21T19:57:52</date>
  <millis>1534861672054</millis>
  <sequence>23</sequence>
  <level>END</level>
  <class>com.kms.katalon.core.logging.KeywordLogger</class>
  <method>endKeyword</method>
  <thread>1</thread>
  <message>End action : Statement - url = com.kms.katalon.core.webui.keyword.WebUiBuiltInKeywords.getUrl()</message>
  <nestedLevel>1</nestedLevel>
</record>
<record>
  <date>2018-08-21T19:57:52</date>
  <millis>1534861672054</millis>
  <sequence>24</sequence>
  <level>START</level>
  <class>com.kms.katalon.core.logging.KeywordLogger</class>
  <method>startKeyword</method>
  <thread>1</thread>
  <message>Start action : maximizeWindow</message>
  <nestedLevel>1</nestedLevel>
  <property name="startLine">26</property>
  <property name="stepIndex">3</property>
</record>
<record>
  <date>2018-08-21T19:57:52</date>
  <millis>1534861672078</millis>
  <sequence>25</sequence>
  <level>INFO</level>
  <class>com.kms.katalon.core.logging.KeywordLogger</class>
  <method>logMessage</method>
  <thread>1</thread>
  <message>Maximizing current window</message>
  <nestedLevel>1</nestedLevel>
</record>
<record>
  <date>2018-08-21T19:57:53</date>
  <millis>1534861673356</millis>
  <sequence>26</sequence>
  <level>PASSED</level>
  <class>com.kms.katalon.core.logging.KeywordLogger</class>
  <method>logMessage</method>
  <thread>1</thread>
  <message>Current window maximized</message>
  <nestedLevel>1</nestedLevel>
</record>
<record>
  <date>2018-08-21T19:57:53</date>
  <millis>1534861673407</millis>
  <sequence>27</sequence>
  <level>END</level>
  <class>com.kms.katalon.core.logging.KeywordLogger</class>
  <method>endKeyword</method>
  <thread>1</thread>
  <message>End action : maximizeWindow</message>
  <nestedLevel>1</nestedLevel>
</record>
<record>
  <date>2018-08-21T19:57:53</date>
  <millis>1534861673408</millis>
  <sequence>28</sequence>
  <level>START</level>
  <class>com.kms.katalon.core.logging.KeywordLogger</class>
  <method>startKeyword</method>
  <thread>1</thread>
  <message>Start action : Statement - url.contentEquals(\&amp;quot;https://www.fashmates.com00/\&amp;quot;)</message>
  <nestedLevel>1</nestedLevel>
  <property name="startLine">28</property>
  <property name="stepIndex">4</property>
</record>
<record>
  <date>2018-08-21T19:57:53</date>
  <millis>1534861673414</millis>
  <sequence>29</sequence>
  <level>END</level>
  <class>com.kms.katalon.core.logging.KeywordLogger</class>
  <method>endKeyword</method>
  <thread>1</thread>
  <message>End action : Statement - url.contentEquals(\&amp;quot;https://www.fashmates.com00/\&amp;quot;)</message>
  <nestedLevel>1</nestedLevel>
</record>
<record>
  <date>2018-08-21T19:57:53</date>
  <millis>1534861673415</millis>
  <sequence>30</sequence>
  <level>START</level>
  <class>com.kms.katalon.core.logging.KeywordLogger</class>
  <method>startKeyword</method>
  <thread>1</thread>
  <message>Start action : Statement - println(\&amp;quot;success\&amp;quot;)</message>
  <nestedLevel>1</nestedLevel>
  <property name="startLine">30</property>
  <property name="stepIndex">5</property>
</record>
<record>
  <date>2018-08-21T19:57:53</date>
  <millis>1534861673448</millis>
  <sequence>31</sequence>
  <level>END</level>
  <class>com.kms.katalon.core.logging.KeywordLogger</class>
  <method>endKeyword</method>
  <thread>1</thread>
  <message>End action : Statement - println(\&amp;quot;success\&amp;quot;)</message>
  <nestedLevel>1</nestedLevel>
</record>
<record>
  <date>2018-08-21T19:57:53</date>
  <millis>1534861673449</millis>
  <sequence>32</sequence>
  <level>START</level>
  <class>com.kms.katalon.core.logging.KeywordLogger</class>
  <method>startKeyword</method>
  <thread>1</thread>
  <message>Start action : waitForElementVisible</message>
  <nestedLevel>1</nestedLevel>
  <property name="startLine">32</property>
  <property name="stepIndex">6</property>
</record>
<record>
  <date>2018-08-21T19:57:53</date>
  <millis>1534861673456</millis>
  <sequence>33</sequence>
  <level>INFO</level>
  <class>com.kms.katalon.core.logging.KeywordLogger</class>
  <method>logMessage</method>
  <thread>1</thread>
  <message>Finding Test Object with id &amp;apos;Object Repository/landing page/landing page cover image&amp;apos;</message>
  <nestedLevel>1</nestedLevel>
</record>
<record>
  <date>2018-08-21T19:57:53</date>
  <millis>1534861673539</millis>
  <sequence>34</sequence>
  <level>INFO</level>
  <class>com.kms.katalon.core.logging.KeywordLogger</class>
  <method>logMessage</method>
  <thread>1</thread>
  <message>Checking object</message>
  <nestedLevel>1</nestedLevel>
</record>
<record>
  <date>2018-08-21T19:57:53</date>
  <millis>1534861673539</millis>
  <sequence>35</sequence>
  <level>INFO</level>
  <class>com.kms.katalon.core.logging.KeywordLogger</class>
  <method>logMessage</method>
  <thread>1</thread>
  <message>Checking timeout</message>
  <nestedLevel>1</nestedLevel>
</record>
<record>
  <date>2018-08-21T19:57:53</date>
  <millis>1534861673542</millis>
  <sequence>36</sequence>
  <level>INFO</level>
  <class>com.kms.katalon.core.logging.KeywordLogger</class>
  <method>logMessage</method>
  <thread>1</thread>
  <message>Checking timeout</message>
  <nestedLevel>1</nestedLevel>
</record>
<record>
  <date>2018-08-21T19:57:53</date>
  <millis>1534861673590</millis>
  <sequence>37</sequence>
  <level>INFO</level>
  <class>com.kms.katalon.core.logging.KeywordLogger</class>
  <method>logMessage</method>
  <thread>1</thread>
  <message>Finding web element with id: &amp;apos;Object Repository/landing page/landing page cover image&amp;apos; located by &amp;apos;By.xpath: id(\&amp;quot;contentView\&amp;quot;)/section[@class=\&amp;quot;banner-section ng-scope\&amp;quot;]/div[@class=\&amp;quot;home_banner_slider\&amp;quot;]/div[@class=\&amp;quot;colr-over\&amp;quot;]&amp;apos; in &amp;apos;10&amp;apos; second(s)</message>
  <nestedLevel>1</nestedLevel>
</record>
<record>
  <date>2018-08-21T19:57:54</date>
  <millis>1534861674268</millis>
  <sequence>38</sequence>
  <level>INFO</level>
  <class>com.kms.katalon.core.logging.KeywordLogger</class>
  <method>logMessage</method>
  <thread>1</thread>
  <message>Found 1 web elements with id: &amp;apos;Object Repository/landing page/landing page cover image&amp;apos; located by &amp;apos;By.xpath: id(\&amp;quot;contentView\&amp;quot;)/section[@class=\&amp;quot;banner-section ng-scope\&amp;quot;]/div[@class=\&amp;quot;home_banner_slider\&amp;quot;]/div[@class=\&amp;quot;colr-over\&amp;quot;]&amp;apos; in &amp;apos;10&amp;apos; second(s)</message>
  <nestedLevel>1</nestedLevel>
</record>
<record>
  <date>2018-08-21T19:57:54</date>
  <millis>1534861674366</millis>
  <sequence>39</sequence>
  <level>PASSED</level>
  <class>com.kms.katalon.core.logging.KeywordLogger</class>
  <method>logMessage</method>
  <thread>1</thread>
  <message>Object &amp;apos;Object Repository/landing page/landing page cover image&amp;apos; is visible</message>
  <nestedLevel>1</nestedLevel>
</record>
<record>
  <date>2018-08-21T19:57:54</date>
  <millis>1534861674368</millis>
  <sequence>40</sequence>
  <level>END</level>
  <class>com.kms.katalon.core.logging.KeywordLogger</class>
  <method>endKeyword</method>
  <thread>1</thread>
  <message>End action : waitForElementVisible</message>
  <nestedLevel>1</nestedLevel>
</record>
<record>
  <date>2018-08-21T19:57:54</date>
  <millis>1534861674368</millis>
  <sequence>41</sequence>
  <level>START</level>
  <class>com.kms.katalon.core.logging.KeywordLogger</class>
  <method>startKeyword</method>
  <thread>1</thread>
  <message>Start action : closeBrowser</message>
  <nestedLevel>1</nestedLevel>
  <property name="startLine">34</property>
  <property name="stepIndex">7</property>
</record>
<record>
  <date>2018-08-21T19:57:54</date>
  <millis>1534861674386</millis>
  <sequence>42</sequence>
  <level>INFO</level>
  <class>com.kms.katalon.core.logging.KeywordLogger</class>
  <method>logMessage</method>
  <thread>1</thread>
  <message>Closing browser</message>
  <nestedLevel>1</nestedLevel>
</record>
<record>
  <date>2018-08-21T19:57:55</date>
  <millis>1534861675051</millis>
  <sequence>43</sequence>
  <level>PASSED</level>
  <class>com.kms.katalon.core.logging.KeywordLogger</class>
  <method>logMessage</method>
  <thread>1</thread>
  <message>Browser is closed</message>
  <nestedLevel>1</nestedLevel>
</record>
<record>
  <date>2018-08-21T19:57:55</date>
  <millis>1534861675052</millis>
  <sequence>44</sequence>
  <level>END</level>
  <class>com.kms.katalon.core.logging.KeywordLogger</class>
  <method>endKeyword</method>
  <thread>1</thread>
  <message>End action : closeBrowser</message>
  <nestedLevel>1</nestedLevel>
</record>
<record>
  <date>2018-08-21T19:57:55</date>
  <millis>1534861675053</millis>
  <sequence>45</sequence>
  <level>PASSED</level>
  <class>com.kms.katalon.core.logging.KeywordLogger</class>
  <method>logMessage</method>
  <thread>1</thread>
  <message>Test Cases/sign in/simple sign in</message>
  <nestedLevel>1</nestedLevel>
</record>
<record>
  <date>2018-08-21T19:57:55</date>
  <millis>1534861675054</millis>
  <sequence>46</sequence>
  <level>END</level>
  <class>com.kms.katalon.core.logging.KeywordLogger</class>
  <method>endTest</method>
  <thread>1</thread>
  <message>End Test Case : Test Cases/sign in/simple sign in</message>
  <nestedLevel>0</nestedLevel>
</record>
<record>
  <date>2018-08-21T19:57:55</date>
  <millis>1534861675114</millis>
  <sequence>47</sequence>
  <level>END</level>
  <class>com.kms.katalon.core.logging.KeywordLogger</class>
  <method>endSuite</method>
  <thread>1</thread>
  <message>End Test Suite : Test Suites/sign in/Sample excecution</message>
  <nestedLevel>0</nestedLevel>
</record>
</log>